# JRE version: OpenJDK Runtime Environment Temurin-21.0.6+7 (21.0.6+7) (build 21.0.6+7-LTS)
# Java VM: OpenJDK 64-Bit Server VM Temurin-21.0.6+7 (21.0.6+7-LTS, mixed mode, sharing, tiered, compressed oops, compressed class ptrs, parallel gc, windows-amd64)
GC Precious Log:
 CardTable entry size: 512
 CPUs: 4 total, 4 available
 Memory: 4003M
 Large Page Support: Disabled
 NUMA Support: Disabled
 Compressed Oops: Enabled (32-bit)
 Alignments: Space 512K, Generation 512K, Heap 2M
 Heap Min Capacity: 100M
 Heap Initial Capacity: 100M
 Heap Max Capacity: 1G
 Pre-touch: Disabled
 Parallel Workers: 4
Heap:
 PSYoungGen      total 6656K, used 6559K [0x00000000eab00000, 0x00000000eb800000, 0x0000000100000000)
  eden space 4096K, 98% used [0x00000000eab00000,0x00000000eaef0418,0x00000000eaf00000)
  from space 2560K, 98% used [0x00000000eaf00000,0x00000000eb177800,0x00000000eb180000)
  to   space 4608K, 0% used [0x00000000eb380000,0x00000000eb380000,0x00000000eb800000)
 ParOldGen       total 697856K, used 697528K [0x00000000c0000000, 0x00000000ea980000, 0x00000000eab00000)
  object space 697856K, 99% used [0x00000000c0000000,0x00000000ea92e290,0x00000000ea980000)
 Metaspace       used 85415K, committed 87104K, reserved 1179648K
  class space    used 8436K, committed 9280K, reserved 1048576K
GC Heap History (20 events):
Event: 1857.798 GC heap after
{Heap after GC invocations=2174 (full 5):
 PSYoungGen      total 8192K, used 704K [0x00000000eab00000, 0x00000000eb900000, 0x0000000100000000)
  eden space 7168K, 0% used [0x00000000eab00000,0x00000000eab00000,0x00000000eb200000)
  from space 1024K, 68% used [0x00000000eb800000,0x00000000eb8b0000,0x00000000eb900000)
  to   space 1536K, 0% used [0x00000000eb600000,0x00000000eb600000,0x00000000eb780000)
 ParOldGen       total 684544K, used 684212K [0x00000000c0000000, 0x00000000e9c80000, 0x00000000eab00000)
  object space 684544K, 99% used [0x00000000c0000000,0x00000000e9c2d1d0,0x00000000e9c80000)
 Metaspace       used 85358K, committed 87104K, reserved 1179648K
  class space    used 8436K, committed 9280K, reserved 1048576K
}
Event: 1858.024 GC heap before
{Heap before GC invocations=2175 (full 5):
 PSYoungGen      total 8192K, used 7872K [0x00000000eab00000, 0x00000000eb900000, 0x0000000100000000)
  eden space 7168K, 100% used [0x00000000eab00000,0x00000000eb200000,0x00000000eb200000)
  from space 1024K, 68% used [0x00000000eb800000,0x00000000eb8b0000,0x00000000eb900000)
  to   space 1536K, 0% used [0x00000000eb600000,0x00000000eb600000,0x00000000eb780000)
 ParOldGen       total 684544K, used 684212K [0x00000000c0000000, 0x00000000e9c80000, 0x00000000eab00000)
  object space 684544K, 99% used [0x00000000c0000000,0x00000000e9c2d1d0,0x00000000e9c80000)
 Metaspace       used 85359K, committed 87104K, reserved 1179648K
  class space    used 8436K, committed 9280K, reserved 1048576K
}
Event: 1858.028 GC heap after
{Heap after GC invocations=2175 (full 5):
 PSYoungGen      total 8704K, used 890K [0x00000000eab00000, 0x00000000eb880000, 0x0000000100000000)
  eden space 7168K, 0% used [0x00000000eab00000,0x00000000eab00000,0x00000000eb200000)
  from space 1536K, 57% used [0x00000000eb600000,0x00000000eb6de900,0x00000000eb780000)
  to   space 1024K, 0% used [0x00000000eb780000,0x00000000eb780000,0x00000000eb880000)
 ParOldGen       total 685056K, used 684860K [0x00000000c0000000, 0x00000000e9d00000, 0x00000000eab00000)
  object space 685056K, 99% used [0x00000000c0000000,0x00000000e9ccf1d0,0x00000000e9d00000)
 Metaspace       used 85359K, committed 87104K, reserved 1179648K
  class space    used 8436K, committed 9280K, reserved 1048576K
}
Event: 1858.514 GC heap before
{Heap before GC invocations=2176 (full 5):
 PSYoungGen      total 8704K, used 8058K [0x00000000eab00000, 0x00000000eb880000, 0x0000000100000000)
  eden space 7168K, 100% used [0x00000000eab00000,0x00000000eb200000,0x00000000eb200000)
  from space 1536K, 57% used [0x00000000eb600000,0x00000000eb6de900,0x00000000eb780000)
  to   space 1024K, 0% used [0x00000000eb780000,0x00000000eb780000,0x00000000eb880000)
 ParOldGen       total 685056K, used 684860K [0x00000000c0000000, 0x00000000e9d00000, 0x00000000eab00000)
  object space 685056K, 99% used [0x00000000c0000000,0x00000000e9ccf1d0,0x00000000e9d00000)
 Metaspace       used 85363K, committed 87104K, reserved 1179648K
  class space    used 8436K, committed 9280K, reserved 1048576K
}
Event: 1858.518 GC heap after
{Heap after GC invocations=2176 (full 5):
 PSYoungGen      total 8192K, used 756K [0x00000000eab00000, 0x00000000eb880000, 0x0000000100000000)
  eden space 7168K, 0% used [0x00000000eab00000,0x00000000eab00000,0x00000000eb200000)
  from space 1024K, 73% used [0x00000000eb780000,0x00000000eb83d220,0x00000000eb880000)
  to   space 1024K, 0% used [0x00000000eb680000,0x00000000eb680000,0x00000000eb780000)
 ParOldGen       total 685056K, used 684892K [0x00000000c0000000, 0x00000000e9d00000, 0x00000000eab00000)
  object space 685056K, 99% used [0x00000000c0000000,0x00000000e9cd71d0,0x00000000e9d00000)
 Metaspace       used 85363K, committed 87104K, reserved 1179648K
  class space    used 8436K, committed 9280K, reserved 1048576K
}
Event: 1858.840 GC heap before
{Heap before GC invocations=2177 (full 5):
 PSYoungGen      total 8192K, used 7924K [0x00000000eab00000, 0x00000000eb880000, 0x0000000100000000)
  eden space 7168K, 100% used [0x00000000eab00000,0x00000000eb200000,0x00000000eb200000)
  from space 1024K, 73% used [0x00000000eb780000,0x00000000eb83d220,0x00000000eb880000)
  to   space 1024K, 0% used [0x00000000eb680000,0x00000000eb680000,0x00000000eb780000)
 ParOldGen       total 685056K, used 684892K [0x00000000c0000000, 0x00000000e9d00000, 0x00000000eab00000)
  object space 685056K, 99% used [0x00000000c0000000,0x00000000e9cd71d0,0x00000000e9d00000)
 Metaspace       used 85377K, committed 87104K, reserved 1179648K
  class space    used 8436K, committed 9280K, reserved 1048576K
}
Event: 1858.844 GC heap after
{Heap after GC invocations=2177 (full 5):
 PSYoungGen      total 8192K, used 858K [0x00000000eab00000, 0x00000000eb800000, 0x0000000100000000)
  eden space 7168K, 0% used [0x00000000eab00000,0x00000000eab00000,0x00000000eb200000)
  from space 1024K, 83% used [0x00000000eb680000,0x00000000eb756900,0x00000000eb780000)
  to   space 512K, 0% used [0x00000000eb780000,0x00000000eb780000,0x00000000eb800000)
 ParOldGen       total 685056K, used 684980K [0x00000000c0000000, 0x00000000e9d00000, 0x00000000eab00000)
  object space 685056K, 99% used [0x00000000c0000000,0x00000000e9ced1f0,0x00000000e9d00000)
 Metaspace       used 85377K, committed 87104K, reserved 1179648K
  class space    used 8436K, committed 9280K, reserved 1048576K
}
Event: 1862.660 GC heap before
{Heap before GC invocations=2178 (full 5):
 PSYoungGen      total 8192K, used 8026K [0x00000000eab00000, 0x00000000eb800000, 0x0000000100000000)
  eden space 7168K, 100% used [0x00000000eab00000,0x00000000eb200000,0x00000000eb200000)
  from space 1024K, 83% used [0x00000000eb680000,0x00000000eb756900,0x00000000eb780000)
  to   space 512K, 0% used [0x00000000eb780000,0x00000000eb780000,0x00000000eb800000)
 ParOldGen       total 685056K, used 684980K [0x00000000c0000000, 0x00000000e9d00000, 0x00000000eab00000)
  object space 685056K, 99% used [0x00000000c0000000,0x00000000e9ced1f0,0x00000000e9d00000)
 Metaspace       used 85388K, committed 87104K, reserved 1179648K
  class space    used 8436K, committed 9280K, reserved 1048576K
}
Event: 1862.663 GC heap after
{Heap after GC invocations=2178 (full 5):
 PSYoungGen      total 7680K, used 500K [0x00000000eab00000, 0x00000000eb800000, 0x0000000100000000)
  eden space 7168K, 0% used [0x00000000eab00000,0x00000000eab00000,0x00000000eb200000)
  from space 512K, 97% used [0x00000000eb780000,0x00000000eb7fd200,0x00000000eb800000)
  to   space 1024K, 0% used [0x00000000eb600000,0x00000000eb600000,0x00000000eb700000)
 ParOldGen       total 685568K, used 685228K [0x00000000c0000000, 0x00000000e9d80000, 0x00000000eab00000)
  object space 685568K, 99% used [0x00000000c0000000,0x00000000e9d2b200,0x00000000e9d80000)
 Metaspace       used 85388K, committed 87104K, reserved 1179648K
  class space    used 8436K, committed 9280K, reserved 1048576K
}
Event: 1863.312 GC heap before
{Heap before GC invocations=2179 (full 5):
 PSYoungGen      total 7680K, used 7668K [0x00000000eab00000, 0x00000000eb800000, 0x0000000100000000)
  eden space 7168K, 99% used [0x00000000eab00000,0x00000000eb1ffff0,0x00000000eb200000)
  from space 512K, 97% used [0x00000000eb780000,0x00000000eb7fd200,0x00000000eb800000)
  to   space 1024K, 0% used [0x00000000eb600000,0x00000000eb600000,0x00000000eb700000)
 ParOldGen       total 685568K, used 685228K [0x00000000c0000000, 0x00000000e9d80000, 0x00000000eab00000)
  object space 685568K, 99% used [0x00000000c0000000,0x00000000e9d2b200,0x00000000e9d80000)
 Metaspace       used 85402K, committed 87104K, reserved 1179648K
  class space    used 8436K, committed 9280K, reserved 1048576K
}
Event: 1863.318 GC heap after
{Heap after GC invocations=2179 (full 5):
 PSYoungGen      total 8192K, used 308K [0x00000000eab00000, 0x00000000eb800000, 0x0000000100000000)
  eden space 7168K, 0% used [0x00000000eab00000,0x00000000eab00000,0x00000000eb200000)
  from space 1024K, 30% used [0x00000000eb600000,0x00000000eb64d200,0x00000000eb700000)
  to   space 512K, 0% used [0x00000000eb780000,0x00000000eb780000,0x00000000eb800000)
 ParOldGen       total 686080K, used 685709K [0x00000000c0000000, 0x00000000e9e00000, 0x00000000eab00000)
  object space 686080K, 99% used [0x00000000c0000000,0x00000000e9da34d8,0x00000000e9e00000)
 Metaspace       used 85402K, committed 87104K, reserved 1179648K
  class space    used 8436K, committed 9280K, reserved 1048576K
}
Event: 1863.587 GC heap before
{Heap before GC invocations=2180 (full 5):
 PSYoungGen      total 8192K, used 7476K [0x00000000eab00000, 0x00000000eb800000, 0x0000000100000000)
  eden space 7168K, 99% used [0x00000000eab00000,0x00000000eb1ffff0,0x00000000eb200000)
  from space 1024K, 30% used [0x00000000eb600000,0x00000000eb64d200,0x00000000eb700000)
  to   space 512K, 0% used [0x00000000eb780000,0x00000000eb780000,0x00000000eb800000)
 ParOldGen       total 686080K, used 685709K [0x00000000c0000000, 0x00000000e9e00000, 0x00000000eab00000)
  object space 686080K, 99% used [0x00000000c0000000,0x00000000e9da34d8,0x00000000e9e00000)
 Metaspace       used 85402K, committed 87104K, reserved 1179648K
  class space    used 8436K, committed 9280K, reserved 1048576K
}
Event: 1863.589 GC heap after
{Heap after GC invocations=2180 (full 5):
 PSYoungGen      total 7680K, used 128K [0x00000000eab00000, 0x00000000eb800000, 0x0000000100000000)
  eden space 7168K, 0% used [0x00000000eab00000,0x00000000eab00000,0x00000000eb200000)
  from space 512K, 25% used [0x00000000eb780000,0x00000000eb7a0000,0x00000000eb800000)
  to   space 512K, 0% used [0x00000000eb700000,0x00000000eb700000,0x00000000eb780000)
 ParOldGen       total 686080K, used 685875K [0x00000000c0000000, 0x00000000e9e00000, 0x00000000eab00000)
  object space 686080K, 99% used [0x00000000c0000000,0x00000000e9dccc90,0x00000000e9e00000)
 Metaspace       used 85402K, committed 87104K, reserved 1179648K
  class space    used 8436K, committed 9280K, reserved 1048576K
}
Event: 1863.653 GC heap before
{Heap before GC invocations=2181 (full 5):
 PSYoungGen      total 7680K, used 7296K [0x00000000eab00000, 0x00000000eb800000, 0x0000000100000000)
  eden space 7168K, 100% used [0x00000000eab00000,0x00000000eb200000,0x00000000eb200000)
  from space 512K, 25% used [0x00000000eb780000,0x00000000eb7a0000,0x00000000eb800000)
  to   space 512K, 0% used [0x00000000eb700000,0x00000000eb700000,0x00000000eb780000)
 ParOldGen       total 686080K, used 685875K [0x00000000c0000000, 0x00000000e9e00000, 0x00000000eab00000)
  object space 686080K, 99% used [0x00000000c0000000,0x00000000e9dccc90,0x00000000e9e00000)
 Metaspace       used 85415K, committed 87104K, reserved 1179648K
  class space    used 8436K, committed 9280K, reserved 1048576K
}
Event: 1863.659 GC heap after
{Heap after GC invocations=2181 (full 5):
 PSYoungGen      total 7680K, used 512K [0x00000000eab00000, 0x00000000ebd00000, 0x0000000100000000)
  eden space 7168K, 0% used [0x00000000eab00000,0x00000000eab00000,0x00000000eb200000)
  from space 512K, 100% used [0x00000000eb700000,0x00000000eb780000,0x00000000eb780000)
  to   space 5632K, 0% used [0x00000000eb780000,0x00000000eb780000,0x00000000ebd00000)
 ParOldGen       total 690176K, used 689912K [0x00000000c0000000, 0x00000000ea200000, 0x00000000eab00000)
  object space 690176K, 99% used [0x00000000c0000000,0x00000000ea1be280,0x00000000ea200000)
 Metaspace       used 85415K, committed 87104K, reserved 1179648K
  class space    used 8436K, committed 9280K, reserved 1048576K
}
Event: 1863.690 GC heap before
{Heap before GC invocations=2182 (full 5):
 PSYoungGen      total 7680K, used 7680K [0x00000000eab00000, 0x00000000ebd00000, 0x0000000100000000)
  eden space 7168K, 100% used [0x00000000eab00000,0x00000000eb200000,0x00000000eb200000)
  from space 512K, 100% used [0x00000000eb700000,0x00000000eb780000,0x00000000eb780000)
  to   space 5632K, 0% used [0x00000000eb780000,0x00000000eb780000,0x00000000ebd00000)
 ParOldGen       total 690176K, used 689912K [0x00000000c0000000, 0x00000000ea200000, 0x00000000eab00000)
  object space 690176K, 99% used [0x00000000c0000000,0x00000000ea1be280,0x00000000ea200000)
 Metaspace       used 85415K, committed 87104K, reserved 1179648K
  class space    used 8436K, committed 9280K, reserved 1048576K
}
Event: 1863.701 GC heap after
{Heap after GC invocations=2182 (full 5):
 PSYoungGen      total 9728K, used 5632K [0x00000000eab00000, 0x00000000ec300000, 0x0000000100000000)
  eden space 4096K, 0% used [0x00000000eab00000,0x00000000eab00000,0x00000000eaf00000)
  from space 5632K, 100% used [0x00000000eb780000,0x00000000ebd00000,0x00000000ebd00000)
  to   space 8704K, 0% used [0x00000000eaf00000,0x00000000eaf00000,0x00000000eb780000)
 ParOldGen       total 692224K, used 691840K [0x00000000c0000000, 0x00000000ea400000, 0x00000000eab00000)
  object space 692224K, 99% used [0x00000000c0000000,0x00000000ea3a0290,0x00000000ea400000)
 Metaspace       used 85415K, committed 87104K, reserved 1179648K
  class space    used 8436K, committed 9280K, reserved 1048576K
}
Event: 1863.735 GC heap before
{Heap before GC invocations=2183 (full 5):
 PSYoungGen      total 9728K, used 9556K [0x00000000eab00000, 0x00000000ec300000, 0x0000000100000000)
  eden space 4096K, 95% used [0x00000000eab00000,0x00000000eaed5160,0x00000000eaf00000)
  from space 5632K, 100% used [0x00000000eb780000,0x00000000ebd00000,0x00000000ebd00000)
  to   space 8704K, 0% used [0x00000000eaf00000,0x00000000eaf00000,0x00000000eb780000)
 ParOldGen       total 692224K, used 691840K [0x00000000c0000000, 0x00000000ea400000, 0x00000000eab00000)
  object space 692224K, 99% used [0x00000000c0000000,0x00000000ea3a0290,0x00000000ea400000)
 Metaspace       used 85415K, committed 87104K, reserved 1179648K
  class space    used 8436K, committed 9280K, reserved 1048576K
}
Event: 1863.746 GC heap after
{Heap after GC invocations=2183 (full 5):
 PSYoungGen      total 6656K, used 2526K [0x00000000eab00000, 0x00000000eb800000, 0x0000000100000000)
  eden space 4096K, 0% used [0x00000000eab00000,0x00000000eab00000,0x00000000eaf00000)
  from space 2560K, 98% used [0x00000000eaf00000,0x00000000eb177800,0x00000000eb180000)
  to   space 4608K, 0% used [0x00000000eb380000,0x00000000eb380000,0x00000000eb800000)
 ParOldGen       total 697856K, used 697528K [0x00000000c0000000, 0x00000000ea980000, 0x00000000eab00000)
  object space 697856K, 99% used [0x00000000c0000000,0x00000000ea92e290,0x00000000ea980000)
 Metaspace       used 85415K, committed 87104K, reserved 1179648K
  class space    used 8436K, committed 9280K, reserved 1048576K
}
Event: 1863.781 GC heap before
{Heap before GC invocations=2184 (full 6):
 PSYoungGen      total 6656K, used 6559K [0x00000000eab00000, 0x00000000eb800000, 0x0000000100000000)
  eden space 4096K, 98% used [0x00000000eab00000,0x00000000eaef0418,0x00000000eaf00000)
  from space 2560K, 98% used [0x00000000eaf00000,0x00000000eb177800,0x00000000eb180000)
  to   space 4608K, 0% used [0x00000000eb380000,0x00000000eb380000,0x00000000eb800000)
 ParOldGen       total 697856K, used 697528K [0x00000000c0000000, 0x00000000ea980000, 0x00000000eab00000)
  object space 697856K, 99% used [0x00000000c0000000,0x00000000ea92e290,0x00000000ea980000)
 Metaspace       used 85415K, committed 87104K, reserved 1179648K
  class space    used 8436K, committed 9280K, reserved 1048576K
}

